<?xml version="1.0" encoding="UTF-8"?>
<!-- Generated by org.testng.reporters.JUnitXMLReporter -->
<testsuite hostname="apples-MacBook-Air.local" ignored="3" name="Default test(failed)(failed)" tests="1" failures="0" timestamp="2022-06-16T07:48:34 IST" time="24.078" errors="0">
  <testcase name="loginToAppTest" time="13.653" classname="TestCases.LoginTestDuplicate"/>
  <testcase name="verifyKiteLogoTest" time="0.0" classname="TestCases.LoginTestDuplicate">
    <ignored/>
  </testcase> <!-- verifyKiteLogoTest -->
  <testcase name="verifyZerodhaLogoTest" time="0.0" classname="TestCases.LoginTestDuplicate">
    <ignored/>
  </testcase> <!-- verifyZerodhaLogoTest -->
  <testcase name="verifyTitleTest" time="0.0" classname="TestCases.LoginTestDuplicate">
    <ignored/>
  </testcase> <!-- verifyTitleTest -->
</testsuite> <!-- Default test(failed)(failed) -->
