<?xml version="1.0" encoding="UTF-8"?>
<!-- Generated by org.testng.reporters.JUnitXMLReporter -->
<testsuite hostname="apples-MacBook-Air.local" ignored="0" name="Default test" tests="4" failures="0" timestamp="2022-06-29T17:11:51 IST" time="22.417" errors="0">
  <testcase name="loginToAppTest" time="2.207" classname="TestCases.LoginPageTest"/>
  <testcase name="verifyTitleTest" time="0.013" classname="TestCases.LoginPageTest"/>
  <testcase name="verifyKiteLogoTest" time="0.213" classname="TestCases.LoginPageTest"/>
  <testcase name="verifyZerodhaLogoTest" time="0.042" classname="TestCases.LoginPageTest"/>
</testsuite> <!-- Default test -->
