<?xml version="1.0" encoding="UTF-8"?>
<!-- Generated by org.testng.reporters.JUnitXMLReporter -->
<testsuite hostname="apples-MacBook-Air.local" ignored="2" name="Group" tests="2" failures="0" timestamp="2022-06-12T07:45:31 IST" time="27.461" errors="0">
  <testcase name="loginToAppTest" time="13.597" classname="TestCases.GroupTest"/>
  <testcase name="verifyZerodhaLogoTest" time="0.123" classname="TestCases.GroupTest"/>
  <testcase name="verifyKiteLogoTest" time="0.0" classname="TestCases.GroupTest">
    <ignored/>
  </testcase> <!-- verifyKiteLogoTest -->
  <testcase name="verifyTitleTest" time="0.0" classname="TestCases.GroupTest">
    <ignored/>
  </testcase> <!-- verifyTitleTest -->
</testsuite> <!-- Group -->
