<?xml version="1.0" encoding="UTF-8"?>
<!-- Generated by org.testng.reporters.JUnitXMLReporter -->
<testsuite hostname="apples-MacBook-Air.local" ignored="0" name="Test" tests="3" failures="0" timestamp="2022-06-18T07:25:23 IST" time="25.983" errors="0">
  <testcase name="openFb" time="22.28" classname="TestCases.ParallelTest"/>
  <testcase name="openGoogle" time="23.652" classname="TestCases.ParallelTest"/>
  <testcase name="openAmazon" time="25.908" classname="TestCases.ParallelTest"/>
</testsuite> <!-- Test -->
